[0.037s] Invoking command in '/home/damber/ros_eris/ros2_ws/src/sensor_range/build/sensor_range': CMAKE_PREFIX_PATH=/opt/ros/humble sexy_bash_prompt_current_command= 1136  . install/local_setup.bash /usr/bin/cmake /home/damber/ros_eris/ros2_ws/src/sensor_range -DAMENT_CMAKE_SYMLINK_INSTALL=1 -DCMAKE_INSTALL_PREFIX=/home/damber/ros_eris/ros2_ws/src/sensor_range/install/sensor_range
[0.123s] -- The C compiler identification is GNU 11.4.0
[0.200s] -- The CXX compiler identification is GNU 11.4.0
[0.207s] -- Detecting C compiler ABI info
[0.261s] -- Detecting C compiler ABI info - done
[0.269s] -- Check for working C compiler: /usr/bin/cc - skipped
[0.269s] -- Detecting C compile features
[0.270s] -- Detecting C compile features - done
[0.273s] -- Detecting CXX compiler ABI info
[0.334s] -- Detecting CXX compiler ABI info - done
[0.340s] -- Check for working CXX compiler: /usr/bin/c++ - skipped
[0.340s] -- Detecting CXX compile features
[0.340s] -- Detecting CXX compile features - done
[0.342s] -- Found ament_cmake: 1.3.5 (/opt/ros/humble/share/ament_cmake/cmake)
[0.478s] -- Found Python3: /usr/bin/python3.10 (found version "3.10.12") found components: Interpreter 
[0.527s] -- Override CMake install command with custom implementation using symlinks instead of copying resources
[0.564s] -- Found rclcpp: 16.0.6 (/opt/ros/humble/share/rclcpp/cmake)
[0.612s] -- Found rosidl_generator_c: 3.1.5 (/opt/ros/humble/share/rosidl_generator_c/cmake)
[0.617s] -- Found rosidl_adapter: 3.1.5 (/opt/ros/humble/share/rosidl_adapter/cmake)
[0.627s] -- Found rosidl_generator_cpp: 3.1.5 (/opt/ros/humble/share/rosidl_generator_cpp/cmake)
[0.643s] -- Using all available rosidl_typesupport_c: rosidl_typesupport_fastrtps_c;rosidl_typesupport_introspection_c
[0.662s] -- Using all available rosidl_typesupport_cpp: rosidl_typesupport_fastrtps_cpp;rosidl_typesupport_introspection_cpp
[0.724s] -- Found rmw_implementation_cmake: 6.1.1 (/opt/ros/humble/share/rmw_implementation_cmake/cmake)
[0.727s] -- Found rmw_fastrtps_cpp: 6.2.4 (/opt/ros/humble/share/rmw_fastrtps_cpp/cmake)
[0.815s] -- Found OpenSSL: /usr/lib/x86_64-linux-gnu/libcrypto.so (found version "3.0.2")  
[0.836s] -- Found FastRTPS: /opt/ros/humble/include  
[0.867s] -- Using RMW implementation 'rmw_fastrtps_cpp' as default
[0.876s] -- Looking for pthread.h
[0.929s] -- Looking for pthread.h - found
[0.930s] -- Performing Test CMAKE_HAVE_LIBC_PTHREAD
[0.994s] -- Performing Test CMAKE_HAVE_LIBC_PTHREAD - Success
[0.994s] -- Found Threads: TRUE  
[1.116s] -- Found ament_lint_auto: 0.12.8 (/opt/ros/humble/share/ament_lint_auto/cmake)
[1.182s] -- Added test 'cppcheck' to perform static code analysis on C / C++ code
[1.182s] -- Configured cppcheck include dirs: 
[1.182s] -- Configured cppcheck exclude dirs and/or files: 
[1.183s] -- Added test 'lint_cmake' to check CMake code style
[1.186s] -- Added test 'uncrustify' to check C / C++ code style
[1.186s] -- Configured uncrustify additional arguments: 
[1.187s] -- Added test 'xmllint' to check XML markup files
[1.188s] -- Configuring done
[1.194s] -- Generating done
[1.196s] -- Build files have been written to: /home/damber/ros_eris/ros2_ws/src/sensor_range/build/sensor_range
[1.202s] Invoked command in '/home/damber/ros_eris/ros2_ws/src/sensor_range/build/sensor_range' returned '0': CMAKE_PREFIX_PATH=/opt/ros/humble sexy_bash_prompt_current_command= 1136  . install/local_setup.bash /usr/bin/cmake /home/damber/ros_eris/ros2_ws/src/sensor_range -DAMENT_CMAKE_SYMLINK_INSTALL=1 -DCMAKE_INSTALL_PREFIX=/home/damber/ros_eris/ros2_ws/src/sensor_range/install/sensor_range
[1.204s] Invoking command in '/home/damber/ros_eris/ros2_ws/src/sensor_range/build/sensor_range': CMAKE_PREFIX_PATH=/opt/ros/humble sexy_bash_prompt_current_command= 1136  . install/local_setup.bash /usr/bin/cmake --build /home/damber/ros_eris/ros2_ws/src/sensor_range/build/sensor_range -- -j8 -l8
[1.242s] [ 50%] [32mBuilding CXX object CMakeFiles/range.dir/src/range.cpp.o[0m
[4.217s] [100%] [32m[1mLinking CXX executable range[0m
[4.390s] [100%] Built target range
[4.398s] Invoked command in '/home/damber/ros_eris/ros2_ws/src/sensor_range/build/sensor_range' returned '0': CMAKE_PREFIX_PATH=/opt/ros/humble sexy_bash_prompt_current_command= 1136  . install/local_setup.bash /usr/bin/cmake --build /home/damber/ros_eris/ros2_ws/src/sensor_range/build/sensor_range -- -j8 -l8
[4.428s] Invoking command in '/home/damber/ros_eris/ros2_ws/src/sensor_range/build/sensor_range': CMAKE_PREFIX_PATH=/opt/ros/humble sexy_bash_prompt_current_command= 1136  . install/local_setup.bash /usr/bin/cmake --install /home/damber/ros_eris/ros2_ws/src/sensor_range/build/sensor_range
[4.435s] -- Install configuration: ""
[4.435s] -- Execute custom install script
[4.436s] -- Symlinking: /home/damber/ros_eris/ros2_ws/src/sensor_range/install/sensor_range/lib/sensor_range/range
[4.446s] -- Symlinking: /home/damber/ros_eris/ros2_ws/src/sensor_range/install/sensor_range/share/ament_index/resource_index/package_run_dependencies/sensor_range
[4.454s] -- Symlinking: /home/damber/ros_eris/ros2_ws/src/sensor_range/install/sensor_range/share/ament_index/resource_index/parent_prefix_path/sensor_range
[4.462s] -- Symlinking: /home/damber/ros_eris/ros2_ws/src/sensor_range/install/sensor_range/share/sensor_range/environment/ament_prefix_path.sh
[4.469s] -- Symlinking: /home/damber/ros_eris/ros2_ws/src/sensor_range/install/sensor_range/share/sensor_range/environment/ament_prefix_path.dsv
[4.475s] -- Symlinking: /home/damber/ros_eris/ros2_ws/src/sensor_range/install/sensor_range/share/sensor_range/environment/path.sh
[4.481s] -- Symlinking: /home/damber/ros_eris/ros2_ws/src/sensor_range/install/sensor_range/share/sensor_range/environment/path.dsv
[4.487s] -- Symlinking: /home/damber/ros_eris/ros2_ws/src/sensor_range/install/sensor_range/share/sensor_range/local_setup.bash
[4.494s] -- Symlinking: /home/damber/ros_eris/ros2_ws/src/sensor_range/install/sensor_range/share/sensor_range/local_setup.sh
[4.500s] -- Symlinking: /home/damber/ros_eris/ros2_ws/src/sensor_range/install/sensor_range/share/sensor_range/local_setup.zsh
[4.507s] -- Symlinking: /home/damber/ros_eris/ros2_ws/src/sensor_range/install/sensor_range/share/sensor_range/local_setup.dsv
[4.513s] -- Symlinking: /home/damber/ros_eris/ros2_ws/src/sensor_range/install/sensor_range/share/sensor_range/package.dsv
[4.520s] -- Symlinking: /home/damber/ros_eris/ros2_ws/src/sensor_range/install/sensor_range/share/ament_index/resource_index/packages/sensor_range
[4.526s] -- Symlinking: /home/damber/ros_eris/ros2_ws/src/sensor_range/install/sensor_range/share/sensor_range/cmake/sensor_rangeConfig.cmake
[4.532s] -- Symlinking: /home/damber/ros_eris/ros2_ws/src/sensor_range/install/sensor_range/share/sensor_range/cmake/sensor_rangeConfig-version.cmake
[4.538s] -- Symlinking: /home/damber/ros_eris/ros2_ws/src/sensor_range/install/sensor_range/share/sensor_range/package.xml
[4.547s] Invoked command in '/home/damber/ros_eris/ros2_ws/src/sensor_range/build/sensor_range' returned '0': CMAKE_PREFIX_PATH=/opt/ros/humble sexy_bash_prompt_current_command= 1136  . install/local_setup.bash /usr/bin/cmake --install /home/damber/ros_eris/ros2_ws/src/sensor_range/build/sensor_range
