[0.070s] Invoking command in '/home/damber/ros_eris/ros2_ws/build/sensor_range': CMAKE_PREFIX_PATH=${CMAKE_PREFIX_PATH}:/opt/ros/humble /usr/bin/cmake --build /home/damber/ros_eris/ros2_ws/build/sensor_range -- -j8 -l8
[0.087s] -- Found ament_cmake: 1.3.5 (/opt/ros/humble/share/ament_cmake/cmake)
[0.188s] -- Override CMake install command with custom implementation using symlinks instead of copying resources
[0.194s] -- Found rclcpp: 16.0.6 (/opt/ros/humble/share/rclcpp/cmake)
[0.216s] -- Found rosidl_generator_c: 3.1.5 (/opt/ros/humble/share/rosidl_generator_c/cmake)
[0.218s] -- Found rosidl_adapter: 3.1.5 (/opt/ros/humble/share/rosidl_adapter/cmake)
[0.222s] -- Found rosidl_generator_cpp: 3.1.5 (/opt/ros/humble/share/rosidl_generator_cpp/cmake)
[0.230s] -- Using all available rosidl_typesupport_c: rosidl_typesupport_fastrtps_c;rosidl_typesupport_introspection_c
[0.240s] -- Using all available rosidl_typesupport_cpp: rosidl_typesupport_fastrtps_cpp;rosidl_typesupport_introspection_cpp
[0.279s] -- Found rmw_implementation_cmake: 6.1.1 (/opt/ros/humble/share/rmw_implementation_cmake/cmake)
[0.279s] -- Found rmw_fastrtps_cpp: 6.2.4 (/opt/ros/humble/share/rmw_fastrtps_cpp/cmake)
[0.359s] -- Using RMW implementation 'rmw_fastrtps_cpp' as default
[0.476s] [31mCMake Error at CMakeLists.txt:7 (find_package):
[0.476s]   By not providing "Findsensor_range_msgs.cmake" in CMAKE_MODULE_PATH this
[0.476s]   project has asked CMake to find a package configuration file provided by
[0.476s]   "sensor_range_msgs", but CMake did not find one.
[0.476s] 
[0.476s]   Could not find a package configuration file provided by "sensor_range_msgs"
[0.477s]   with any of the following names:
[0.477s] 
[0.477s]     sensor_range_msgsConfig.cmake
[0.477s]     sensor_range_msgs-config.cmake
[0.477s] 
[0.477s]   Add the installation prefix of "sensor_range_msgs" to CMAKE_PREFIX_PATH or
[0.477s]   set "sensor_range_msgs_DIR" to a directory containing one of the above
[0.477s]   files.  If "sensor_range_msgs" provides a separate development package or
[0.477s]   SDK, be sure it has been installed.
[0.477s] 
[0.477s] [0m
[0.477s] -- Configuring incomplete, errors occurred!
[0.477s] See also "/home/damber/ros_eris/ros2_ws/build/sensor_range/CMakeFiles/CMakeOutput.log".
[0.481s] gmake: *** [Makefile:267: cmake_check_build_system] Error 1
[0.483s] Invoked command in '/home/damber/ros_eris/ros2_ws/build/sensor_range' returned '2': CMAKE_PREFIX_PATH=${CMAKE_PREFIX_PATH}:/opt/ros/humble /usr/bin/cmake --build /home/damber/ros_eris/ros2_ws/build/sensor_range -- -j8 -l8
