[0.068s] Invoking command in '/home/damber/ros_eris/ros2_ws/build/sensor_range': CMAKE_PREFIX_PATH=${CMAKE_PREFIX_PATH}:/opt/ros/humble /usr/bin/cmake --build /home/damber/ros_eris/ros2_ws/build/sensor_range -- -j8 -l8
[0.086s] -- Found ament_cmake: 1.3.5 (/opt/ros/humble/share/ament_cmake/cmake)
[0.182s] -- Override CMake install command with custom implementation using symlinks instead of copying resources
[0.187s] -- Found rclcpp: 16.0.6 (/opt/ros/humble/share/rclcpp/cmake)
[0.205s] -- Found rosidl_generator_c: 3.1.5 (/opt/ros/humble/share/rosidl_generator_c/cmake)
[0.208s] -- Found rosidl_adapter: 3.1.5 (/opt/ros/humble/share/rosidl_adapter/cmake)
[0.214s] -- Found rosidl_generator_cpp: 3.1.5 (/opt/ros/humble/share/rosidl_generator_cpp/cmake)
[0.222s] -- Using all available rosidl_typesupport_c: rosidl_typesupport_fastrtps_c;rosidl_typesupport_introspection_c
[0.233s] -- Using all available rosidl_typesupport_cpp: rosidl_typesupport_fastrtps_cpp;rosidl_typesupport_introspection_cpp
[0.271s] -- Found rmw_implementation_cmake: 6.1.1 (/opt/ros/humble/share/rmw_implementation_cmake/cmake)
[0.272s] -- Found rmw_fastrtps_cpp: 6.2.4 (/opt/ros/humble/share/rmw_fastrtps_cpp/cmake)
[0.351s] -- Using RMW implementation 'rmw_fastrtps_cpp' as default
[0.471s] -- Found sensor_msgs: 4.2.3 (/opt/ros/humble/share/sensor_msgs/cmake)
[0.558s] -- Found ament_lint_auto: 0.12.8 (/opt/ros/humble/share/ament_lint_auto/cmake)
[0.623s] -- Added test 'cppcheck' to perform static code analysis on C / C++ code
[0.623s] -- Configured cppcheck include dirs: $<BUILD_INTERFACE:/home/damber/ros_eris/ros2_ws/src/sensor_range/include>
[0.623s] -- Configured cppcheck exclude dirs and/or files: 
[0.624s] -- Added test 'flake8' to check Python code syntax and style conventions
[0.627s] -- Added test 'lint_cmake' to check CMake code style
[0.628s] -- Added test 'pep257' to check Python code against some of the docstring style conventions in PEP 257
[0.636s] -- Added test 'uncrustify' to check C / C++ code style
[0.636s] -- Configured uncrustify additional arguments: 
[0.637s] -- Added test 'xmllint' to check XML markup files
[0.639s] -- Configuring done
[0.642s] [31mCMake Error at CMakeLists.txt:13 (add_executable):
[0.642s]   Cannot find source file:
[0.642s] 
[0.642s]     src/sensor-range.cpp
[0.642s] 
[0.642s]   Tried extensions .c .C .c++ .cc .cpp .cxx .cu .mpp .m .M .mm .ixx .cppm .h
[0.642s]   .hh .h++ .hm .hpp .hxx .in .txx .f .F .for .f77 .f90 .f95 .f03 .hip .ispc
[0.642s] 
[0.642s] [0m
[0.642s] [31mCMake Error at CMakeLists.txt:13 (add_executable):
[0.642s]   No SOURCES given to target: sensor-range
[0.642s] 
[0.642s] [0m
[0.642s] [0mCMake Generate step failed.  Build files cannot be regenerated correctly.[0m
[0.647s] gmake: *** [Makefile:267: cmake_check_build_system] Error 1
[0.649s] Invoked command in '/home/damber/ros_eris/ros2_ws/build/sensor_range' returned '2': CMAKE_PREFIX_PATH=${CMAKE_PREFIX_PATH}:/opt/ros/humble /usr/bin/cmake --build /home/damber/ros_eris/ros2_ws/build/sensor_range -- -j8 -l8
