[0.073s] Invoking command in '/home/damber/ros_eris/ros2_ws/build/sensor': CMAKE_PREFIX_PATH=${CMAKE_PREFIX_PATH}:/opt/ros/humble /usr/bin/cmake --build /home/damber/ros_eris/ros2_ws/build/sensor -- -j8 -l8
[0.093s] -- Found ament_cmake: 1.3.5 (/opt/ros/humble/share/ament_cmake/cmake)
[0.193s] -- Override CMake install command with custom implementation using symlinks instead of copying resources
[0.199s] -- Found rclcpp: 16.0.6 (/opt/ros/humble/share/rclcpp/cmake)
[0.219s] -- Found rosidl_generator_c: 3.1.5 (/opt/ros/humble/share/rosidl_generator_c/cmake)
[0.222s] -- Found rosidl_adapter: 3.1.5 (/opt/ros/humble/share/rosidl_adapter/cmake)
[0.226s] -- Found rosidl_generator_cpp: 3.1.5 (/opt/ros/humble/share/rosidl_generator_cpp/cmake)
[0.235s] -- Using all available rosidl_typesupport_c: rosidl_typesupport_fastrtps_c;rosidl_typesupport_introspection_c
[0.246s] -- Using all available rosidl_typesupport_cpp: rosidl_typesupport_fastrtps_cpp;rosidl_typesupport_introspection_cpp
[0.284s] -- Found rmw_implementation_cmake: 6.1.1 (/opt/ros/humble/share/rmw_implementation_cmake/cmake)
[0.285s] -- Found rmw_fastrtps_cpp: 6.2.4 (/opt/ros/humble/share/rmw_fastrtps_cpp/cmake)
[0.369s] -- Using RMW implementation 'rmw_fastrtps_cpp' as default
[0.476s] -- Found sensor_msgs: 4.2.3 (/opt/ros/humble/share/sensor_msgs/cmake)
[0.562s] -- Found ament_lint_auto: 0.12.8 (/opt/ros/humble/share/ament_lint_auto/cmake)
[0.628s] -- Added test 'cppcheck' to perform static code analysis on C / C++ code
[0.628s] -- Configured cppcheck include dirs: 
[0.628s] -- Configured cppcheck exclude dirs and/or files: 
[0.629s] -- Added test 'flake8' to check Python code syntax and style conventions
[0.631s] -- Added test 'lint_cmake' to check CMake code style
[0.633s] -- Added test 'pep257' to check Python code against some of the docstring style conventions in PEP 257
[0.640s] -- Added test 'uncrustify' to check C / C++ code style
[0.640s] -- Configured uncrustify additional arguments: 
[0.641s] -- Added test 'xmllint' to check XML markup files
[0.643s] -- Configuring done
[0.654s] -- Generating done
[0.655s] -- Build files have been written to: /home/damber/ros_eris/ros2_ws/build/sensor
[0.674s] [35m[1mConsolidate compiler generated dependencies of target range[0m
[0.690s] [ 50%] [32mBuilding CXX object CMakeFiles/range.dir/src/range.cpp.o[0m
[3.641s] [100%] [32m[1mLinking CXX executable range[0m
[3.841s] [100%] Built target range
[3.850s] Invoked command in '/home/damber/ros_eris/ros2_ws/build/sensor' returned '0': CMAKE_PREFIX_PATH=${CMAKE_PREFIX_PATH}:/opt/ros/humble /usr/bin/cmake --build /home/damber/ros_eris/ros2_ws/build/sensor -- -j8 -l8
[3.878s] Invoking command in '/home/damber/ros_eris/ros2_ws/build/sensor': CMAKE_PREFIX_PATH=${CMAKE_PREFIX_PATH}:/opt/ros/humble /usr/bin/cmake --install /home/damber/ros_eris/ros2_ws/build/sensor
[3.883s] -- Install configuration: ""
[3.883s] -- Execute custom install script
[3.883s] -- Up-to-date symlink: /home/damber/ros_eris/ros2_ws/install/sensor/lib/sensor/range
[3.883s] -- Up-to-date symlink: /home/damber/ros_eris/ros2_ws/install/sensor/share/ament_index/resource_index/package_run_dependencies/sensor
[3.884s] -- Up-to-date symlink: /home/damber/ros_eris/ros2_ws/install/sensor/share/ament_index/resource_index/parent_prefix_path/sensor
[3.884s] -- Up-to-date symlink: /home/damber/ros_eris/ros2_ws/install/sensor/share/sensor/environment/ament_prefix_path.sh
[3.885s] -- Up-to-date symlink: /home/damber/ros_eris/ros2_ws/install/sensor/share/sensor/environment/ament_prefix_path.dsv
[3.885s] -- Up-to-date symlink: /home/damber/ros_eris/ros2_ws/install/sensor/share/sensor/environment/path.sh
[3.885s] -- Up-to-date symlink: /home/damber/ros_eris/ros2_ws/install/sensor/share/sensor/environment/path.dsv
[3.885s] -- Up-to-date symlink: /home/damber/ros_eris/ros2_ws/install/sensor/share/sensor/local_setup.bash
[3.885s] -- Up-to-date symlink: /home/damber/ros_eris/ros2_ws/install/sensor/share/sensor/local_setup.sh
[3.886s] -- Up-to-date symlink: /home/damber/ros_eris/ros2_ws/install/sensor/share/sensor/local_setup.zsh
[3.886s] -- Up-to-date symlink: /home/damber/ros_eris/ros2_ws/install/sensor/share/sensor/local_setup.dsv
[3.886s] -- Symlinking: /home/damber/ros_eris/ros2_ws/install/sensor/share/sensor/package.dsv
[3.893s] -- Up-to-date symlink: /home/damber/ros_eris/ros2_ws/install/sensor/share/ament_index/resource_index/packages/sensor
[3.894s] -- Up-to-date symlink: /home/damber/ros_eris/ros2_ws/install/sensor/share/sensor/cmake/sensorConfig.cmake
[3.894s] -- Up-to-date symlink: /home/damber/ros_eris/ros2_ws/install/sensor/share/sensor/cmake/sensorConfig-version.cmake
[3.894s] -- Up-to-date symlink: /home/damber/ros_eris/ros2_ws/install/sensor/share/sensor/package.xml
[3.896s] Invoked command in '/home/damber/ros_eris/ros2_ws/build/sensor' returned '0': CMAKE_PREFIX_PATH=${CMAKE_PREFIX_PATH}:/opt/ros/humble /usr/bin/cmake --install /home/damber/ros_eris/ros2_ws/build/sensor
