[0.041s] Invoking command in '/home/damber/ros_eris/ros2_ws/src/sensor_range/build/sensor_range': CMAKE_PREFIX_PATH=/opt/ros/humble /usr/bin/cmake --build /home/damber/ros_eris/ros2_ws/src/sensor_range/build/sensor_range -- -j8 -l8
[0.061s] -- Found ament_cmake: 1.3.5 (/opt/ros/humble/share/ament_cmake/cmake)
[0.161s] -- Override CMake install command with custom implementation using symlinks instead of copying resources
[0.168s] -- Found rclcpp: 16.0.6 (/opt/ros/humble/share/rclcpp/cmake)
[0.187s] -- Found rosidl_generator_c: 3.1.5 (/opt/ros/humble/share/rosidl_generator_c/cmake)
[0.188s] -- Found rosidl_adapter: 3.1.5 (/opt/ros/humble/share/rosidl_adapter/cmake)
[0.193s] -- Found rosidl_generator_cpp: 3.1.5 (/opt/ros/humble/share/rosidl_generator_cpp/cmake)
[0.200s] -- Using all available rosidl_typesupport_c: rosidl_typesupport_fastrtps_c;rosidl_typesupport_introspection_c
[0.212s] -- Using all available rosidl_typesupport_cpp: rosidl_typesupport_fastrtps_cpp;rosidl_typesupport_introspection_cpp
[0.262s] -- Found rmw_implementation_cmake: 6.1.1 (/opt/ros/humble/share/rmw_implementation_cmake/cmake)
[0.263s] -- Found rmw_fastrtps_cpp: 6.2.4 (/opt/ros/humble/share/rmw_fastrtps_cpp/cmake)
[0.344s] -- Using RMW implementation 'rmw_fastrtps_cpp' as default
[0.462s] -- Found sensor_msgs: 4.2.3 (/opt/ros/humble/share/sensor_msgs/cmake)
[0.567s] -- Found ament_lint_auto: 0.12.8 (/opt/ros/humble/share/ament_lint_auto/cmake)
[0.628s] -- Added test 'cppcheck' to perform static code analysis on C / C++ code
[0.629s] -- Configured cppcheck include dirs: 
[0.629s] -- Configured cppcheck exclude dirs and/or files: 
[0.631s] -- Added test 'flake8' to check Python code syntax and style conventions
[0.633s] -- Added test 'lint_cmake' to check CMake code style
[0.634s] -- Added test 'pep257' to check Python code against some of the docstring style conventions in PEP 257
[0.643s] -- Added test 'uncrustify' to check C / C++ code style
[0.644s] -- Configured uncrustify additional arguments: 
[0.645s] -- Added test 'xmllint' to check XML markup files
[0.647s] -- Configuring done
[0.657s] -- Generating done
[0.659s] -- Build files have been written to: /home/damber/ros_eris/ros2_ws/src/sensor_range/build/sensor_range
[0.678s] [35m[1mConsolidate compiler generated dependencies of target range[0m
[0.693s] [ 50%] [32mBuilding CXX object CMakeFiles/range.dir/src/range.cpp.o[0m
[3.753s] [100%] [32m[1mLinking CXX executable range[0m
[3.911s] [100%] Built target range
[3.924s] Invoked command in '/home/damber/ros_eris/ros2_ws/src/sensor_range/build/sensor_range' returned '0': CMAKE_PREFIX_PATH=/opt/ros/humble /usr/bin/cmake --build /home/damber/ros_eris/ros2_ws/src/sensor_range/build/sensor_range -- -j8 -l8
[3.956s] Invoking command in '/home/damber/ros_eris/ros2_ws/src/sensor_range/build/sensor_range': CMAKE_PREFIX_PATH=/opt/ros/humble /usr/bin/cmake --install /home/damber/ros_eris/ros2_ws/src/sensor_range/build/sensor_range
[3.962s] -- Install configuration: ""
[3.962s] -- Execute custom install script
[3.963s] -- Up-to-date symlink: /home/damber/ros_eris/ros2_ws/src/sensor_range/install/sensor_range/lib/sensor_range/range
[3.963s] -- Up-to-date symlink: /home/damber/ros_eris/ros2_ws/src/sensor_range/install/sensor_range/share/ament_index/resource_index/package_run_dependencies/sensor_range
[3.963s] -- Up-to-date symlink: /home/damber/ros_eris/ros2_ws/src/sensor_range/install/sensor_range/share/ament_index/resource_index/parent_prefix_path/sensor_range
[3.963s] -- Up-to-date symlink: /home/damber/ros_eris/ros2_ws/src/sensor_range/install/sensor_range/share/sensor_range/environment/ament_prefix_path.sh
[3.963s] -- Up-to-date symlink: /home/damber/ros_eris/ros2_ws/src/sensor_range/install/sensor_range/share/sensor_range/environment/ament_prefix_path.dsv
[3.963s] -- Up-to-date symlink: /home/damber/ros_eris/ros2_ws/src/sensor_range/install/sensor_range/share/sensor_range/environment/path.sh
[3.963s] -- Up-to-date symlink: /home/damber/ros_eris/ros2_ws/src/sensor_range/install/sensor_range/share/sensor_range/environment/path.dsv
[3.964s] -- Up-to-date symlink: /home/damber/ros_eris/ros2_ws/src/sensor_range/install/sensor_range/share/sensor_range/local_setup.bash
[3.964s] -- Up-to-date symlink: /home/damber/ros_eris/ros2_ws/src/sensor_range/install/sensor_range/share/sensor_range/local_setup.sh
[3.964s] -- Up-to-date symlink: /home/damber/ros_eris/ros2_ws/src/sensor_range/install/sensor_range/share/sensor_range/local_setup.zsh
[3.964s] -- Up-to-date symlink: /home/damber/ros_eris/ros2_ws/src/sensor_range/install/sensor_range/share/sensor_range/local_setup.dsv
[3.964s] -- Symlinking: /home/damber/ros_eris/ros2_ws/src/sensor_range/install/sensor_range/share/sensor_range/package.dsv
[3.971s] -- Up-to-date symlink: /home/damber/ros_eris/ros2_ws/src/sensor_range/install/sensor_range/share/ament_index/resource_index/packages/sensor_range
[3.971s] -- Up-to-date symlink: /home/damber/ros_eris/ros2_ws/src/sensor_range/install/sensor_range/share/sensor_range/cmake/sensor_rangeConfig.cmake
[3.971s] -- Up-to-date symlink: /home/damber/ros_eris/ros2_ws/src/sensor_range/install/sensor_range/share/sensor_range/cmake/sensor_rangeConfig-version.cmake
[3.971s] -- Up-to-date symlink: /home/damber/ros_eris/ros2_ws/src/sensor_range/install/sensor_range/share/sensor_range/package.xml
[3.973s] Invoked command in '/home/damber/ros_eris/ros2_ws/src/sensor_range/build/sensor_range' returned '0': CMAKE_PREFIX_PATH=/opt/ros/humble /usr/bin/cmake --install /home/damber/ros_eris/ros2_ws/src/sensor_range/build/sensor_range
