[0.070s] Invoking command in '/home/damber/ros_eris/ros2_ws/build/sensor': CMAKE_PREFIX_PATH=${CMAKE_PREFIX_PATH}:/opt/ros/humble /usr/bin/cmake --build /home/damber/ros_eris/ros2_ws/build/sensor -- -j8 -l8
[0.087s] -- Found ament_cmake: 1.3.5 (/opt/ros/humble/share/ament_cmake/cmake)
[0.193s] -- Override CMake install command with custom implementation using symlinks instead of copying resources
[0.197s] -- Found rclcpp: 16.0.6 (/opt/ros/humble/share/rclcpp/cmake)
[0.222s] -- Found rosidl_generator_c: 3.1.5 (/opt/ros/humble/share/rosidl_generator_c/cmake)
[0.223s] -- Found rosidl_adapter: 3.1.5 (/opt/ros/humble/share/rosidl_adapter/cmake)
[0.229s] -- Found rosidl_generator_cpp: 3.1.5 (/opt/ros/humble/share/rosidl_generator_cpp/cmake)
[0.237s] -- Using all available rosidl_typesupport_c: rosidl_typesupport_fastrtps_c;rosidl_typesupport_introspection_c
[0.255s] -- Using all available rosidl_typesupport_cpp: rosidl_typesupport_fastrtps_cpp;rosidl_typesupport_introspection_cpp
[0.294s] -- Found rmw_implementation_cmake: 6.1.1 (/opt/ros/humble/share/rmw_implementation_cmake/cmake)
[0.295s] -- Found rmw_fastrtps_cpp: 6.2.4 (/opt/ros/humble/share/rmw_fastrtps_cpp/cmake)
[0.380s] -- Using RMW implementation 'rmw_fastrtps_cpp' as default
[0.489s] -- Found sensor_msgs: 4.2.3 (/opt/ros/humble/share/sensor_msgs/cmake)
[0.577s] -- Found ament_lint_auto: 0.12.8 (/opt/ros/humble/share/ament_lint_auto/cmake)
[0.637s] -- Added test 'cppcheck' to perform static code analysis on C / C++ code
[0.637s] -- Configured cppcheck include dirs: 
[0.637s] -- Configured cppcheck exclude dirs and/or files: 
[0.638s] -- Added test 'flake8' to check Python code syntax and style conventions
[0.640s] -- Added test 'lint_cmake' to check CMake code style
[0.642s] -- Added test 'pep257' to check Python code against some of the docstring style conventions in PEP 257
[0.650s] -- Added test 'uncrustify' to check C / C++ code style
[0.650s] -- Configured uncrustify additional arguments: 
[0.652s] -- Added test 'xmllint' to check XML markup files
[0.653s] -- Configuring done
[0.661s] -- Generating done
[0.662s] -- Build files have been written to: /home/damber/ros_eris/ros2_ws/build/sensor
[0.681s] [35m[1mConsolidate compiler generated dependencies of target range[0m
[0.695s] [100%] Built target range
[0.705s] Invoked command in '/home/damber/ros_eris/ros2_ws/build/sensor' returned '0': CMAKE_PREFIX_PATH=${CMAKE_PREFIX_PATH}:/opt/ros/humble /usr/bin/cmake --build /home/damber/ros_eris/ros2_ws/build/sensor -- -j8 -l8
[0.733s] Invoking command in '/home/damber/ros_eris/ros2_ws/build/sensor': CMAKE_PREFIX_PATH=${CMAKE_PREFIX_PATH}:/opt/ros/humble /usr/bin/cmake --install /home/damber/ros_eris/ros2_ws/build/sensor
[0.740s] -- Install configuration: ""
[0.740s] -- Execute custom install script
[0.740s] -- Up-to-date symlink: /home/damber/ros_eris/ros2_ws/install/sensor/lib/sensor/range
[0.741s] -- Up-to-date symlink: /home/damber/ros_eris/ros2_ws/install/sensor/share/ament_index/resource_index/package_run_dependencies/sensor
[0.741s] -- Up-to-date symlink: /home/damber/ros_eris/ros2_ws/install/sensor/share/ament_index/resource_index/parent_prefix_path/sensor
[0.741s] -- Up-to-date symlink: /home/damber/ros_eris/ros2_ws/install/sensor/share/sensor/environment/ament_prefix_path.sh
[0.741s] -- Up-to-date symlink: /home/damber/ros_eris/ros2_ws/install/sensor/share/sensor/environment/ament_prefix_path.dsv
[0.741s] -- Up-to-date symlink: /home/damber/ros_eris/ros2_ws/install/sensor/share/sensor/environment/path.sh
[0.741s] -- Up-to-date symlink: /home/damber/ros_eris/ros2_ws/install/sensor/share/sensor/environment/path.dsv
[0.742s] -- Up-to-date symlink: /home/damber/ros_eris/ros2_ws/install/sensor/share/sensor/local_setup.bash
[0.742s] -- Up-to-date symlink: /home/damber/ros_eris/ros2_ws/install/sensor/share/sensor/local_setup.sh
[0.742s] -- Up-to-date symlink: /home/damber/ros_eris/ros2_ws/install/sensor/share/sensor/local_setup.zsh
[0.742s] -- Up-to-date symlink: /home/damber/ros_eris/ros2_ws/install/sensor/share/sensor/local_setup.dsv
[0.742s] -- Symlinking: /home/damber/ros_eris/ros2_ws/install/sensor/share/sensor/package.dsv
[0.749s] -- Up-to-date symlink: /home/damber/ros_eris/ros2_ws/install/sensor/share/ament_index/resource_index/packages/sensor
[0.749s] -- Up-to-date symlink: /home/damber/ros_eris/ros2_ws/install/sensor/share/sensor/cmake/sensorConfig.cmake
[0.749s] -- Up-to-date symlink: /home/damber/ros_eris/ros2_ws/install/sensor/share/sensor/cmake/sensorConfig-version.cmake
[0.749s] -- Up-to-date symlink: /home/damber/ros_eris/ros2_ws/install/sensor/share/sensor/package.xml
[0.751s] Invoked command in '/home/damber/ros_eris/ros2_ws/build/sensor' returned '0': CMAKE_PREFIX_PATH=${CMAKE_PREFIX_PATH}:/opt/ros/humble /usr/bin/cmake --install /home/damber/ros_eris/ros2_ws/build/sensor
