[0.079s] Invoking command in '/home/damber/ros_eris/ros2_ws/build/sensor_range': CMAKE_PREFIX_PATH=${CMAKE_PREFIX_PATH}:/opt/ros/humble /usr/bin/cmake --build /home/damber/ros_eris/ros2_ws/build/sensor_range -- -j8 -l8
[0.098s] -- Found ament_cmake: 1.3.5 (/opt/ros/humble/share/ament_cmake/cmake)
[0.200s] -- Override CMake install command with custom implementation using symlinks instead of copying resources
[0.206s] -- Found rclcpp: 16.0.6 (/opt/ros/humble/share/rclcpp/cmake)
[0.232s] -- Found rosidl_generator_c: 3.1.5 (/opt/ros/humble/share/rosidl_generator_c/cmake)
[0.234s] -- Found rosidl_adapter: 3.1.5 (/opt/ros/humble/share/rosidl_adapter/cmake)
[0.238s] -- Found rosidl_generator_cpp: 3.1.5 (/opt/ros/humble/share/rosidl_generator_cpp/cmake)
[0.247s] -- Using all available rosidl_typesupport_c: rosidl_typesupport_fastrtps_c;rosidl_typesupport_introspection_c
[0.259s] -- Using all available rosidl_typesupport_cpp: rosidl_typesupport_fastrtps_cpp;rosidl_typesupport_introspection_cpp
[0.299s] -- Found rmw_implementation_cmake: 6.1.1 (/opt/ros/humble/share/rmw_implementation_cmake/cmake)
[0.299s] -- Found rmw_fastrtps_cpp: 6.2.4 (/opt/ros/humble/share/rmw_fastrtps_cpp/cmake)
[0.390s] -- Using RMW implementation 'rmw_fastrtps_cpp' as default
[0.507s] [31mCMake Error at CMakeLists.txt:7 (find_package):
[0.508s]   By not providing "Findsensor_range_msgs.cmake" in CMAKE_MODULE_PATH this
[0.508s]   project has asked CMake to find a package configuration file provided by
[0.508s]   "sensor_range_msgs", but CMake did not find one.
[0.508s] 
[0.508s]   Could not find a package configuration file provided by "sensor_range_msgs"
[0.508s]   with any of the following names:
[0.508s] 
[0.508s]     sensor_range_msgsConfig.cmake
[0.508s]     sensor_range_msgs-config.cmake
[0.508s] 
[0.508s]   Add the installation prefix of "sensor_range_msgs" to CMAKE_PREFIX_PATH or
[0.508s]   set "sensor_range_msgs_DIR" to a directory containing one of the above
[0.508s]   files.  If "sensor_range_msgs" provides a separate development package or
[0.508s]   SDK, be sure it has been installed.
[0.508s] 
[0.508s] [0m
[0.508s] -- Configuring incomplete, errors occurred!
[0.508s] See also "/home/damber/ros_eris/ros2_ws/build/sensor_range/CMakeFiles/CMakeOutput.log".
[0.514s] gmake: *** [Makefile:267: cmake_check_build_system] Error 1
[0.517s] Invoked command in '/home/damber/ros_eris/ros2_ws/build/sensor_range' returned '2': CMAKE_PREFIX_PATH=${CMAKE_PREFIX_PATH}:/opt/ros/humble /usr/bin/cmake --build /home/damber/ros_eris/ros2_ws/build/sensor_range -- -j8 -l8
