[0.034s] Invoking command in '/home/damber/ros_eris/ros2_ws/build/sensor_range': CMAKE_PREFIX_PATH=/opt/ros/humble /usr/bin/cmake /home/damber/ros_eris/ros2_ws/src/sensor_range -DAMENT_CMAKE_SYMLINK_INSTALL=1 -DCMAKE_INSTALL_PREFIX=/home/damber/ros_eris/ros2_ws/install/sensor_range
[0.071s] -- The C compiler identification is GNU 11.4.0
[0.125s] -- The CXX compiler identification is GNU 11.4.0
[0.130s] -- Detecting C compiler ABI info
[0.188s] -- Detecting C compiler ABI info - done
[0.194s] -- Check for working C compiler: /usr/bin/cc - skipped
[0.195s] -- Detecting C compile features
[0.195s] -- Detecting C compile features - done
[0.199s] -- Detecting CXX compiler ABI info
[0.267s] -- Detecting CXX compiler ABI info - done
[0.272s] -- Check for working CXX compiler: /usr/bin/c++ - skipped
[0.272s] -- Detecting CXX compile features
[0.272s] -- Detecting CXX compile features - done
[0.273s] -- Found ament_cmake: 1.3.5 (/opt/ros/humble/share/ament_cmake/cmake)
[0.383s] -- Found Python3: /usr/bin/python3.10 (found version "3.10.12") found components: Interpreter 
[0.424s] -- Override CMake install command with custom implementation using symlinks instead of copying resources
[0.438s] -- Found rclcpp: 16.0.6 (/opt/ros/humble/share/rclcpp/cmake)
[0.462s] -- Found rosidl_generator_c: 3.1.5 (/opt/ros/humble/share/rosidl_generator_c/cmake)
[0.465s] -- Found rosidl_adapter: 3.1.5 (/opt/ros/humble/share/rosidl_adapter/cmake)
[0.470s] -- Found rosidl_generator_cpp: 3.1.5 (/opt/ros/humble/share/rosidl_generator_cpp/cmake)
[0.478s] -- Using all available rosidl_typesupport_c: rosidl_typesupport_fastrtps_c;rosidl_typesupport_introspection_c
[0.490s] -- Using all available rosidl_typesupport_cpp: rosidl_typesupport_fastrtps_cpp;rosidl_typesupport_introspection_cpp
[0.532s] -- Found rmw_implementation_cmake: 6.1.1 (/opt/ros/humble/share/rmw_implementation_cmake/cmake)
[0.534s] -- Found rmw_fastrtps_cpp: 6.2.4 (/opt/ros/humble/share/rmw_fastrtps_cpp/cmake)
[0.597s] -- Found OpenSSL: /usr/lib/x86_64-linux-gnu/libcrypto.so (found version "3.0.2")  
[0.613s] -- Found FastRTPS: /opt/ros/humble/include  
[0.644s] -- Using RMW implementation 'rmw_fastrtps_cpp' as default
[0.649s] -- Looking for pthread.h
[0.707s] -- Looking for pthread.h - found
[0.707s] -- Performing Test CMAKE_HAVE_LIBC_PTHREAD
[0.773s] -- Performing Test CMAKE_HAVE_LIBC_PTHREAD - Success
[0.774s] -- Found Threads: TRUE  
[0.877s] -- Found ament_lint_auto: 0.12.8 (/opt/ros/humble/share/ament_lint_auto/cmake)
[0.926s] -- Added test 'lint_cmake' to check CMake code style
[0.926s] -- Added test 'xmllint' to check XML markup files
[0.927s] -- Configuring done
[0.930s] -- Generating done
[0.931s] -- Build files have been written to: /home/damber/ros_eris/ros2_ws/build/sensor_range
[0.938s] Invoked command in '/home/damber/ros_eris/ros2_ws/build/sensor_range' returned '0': CMAKE_PREFIX_PATH=/opt/ros/humble /usr/bin/cmake /home/damber/ros_eris/ros2_ws/src/sensor_range -DAMENT_CMAKE_SYMLINK_INSTALL=1 -DCMAKE_INSTALL_PREFIX=/home/damber/ros_eris/ros2_ws/install/sensor_range
[0.940s] Invoking command in '/home/damber/ros_eris/ros2_ws/build/sensor_range': CMAKE_PREFIX_PATH=/opt/ros/humble /usr/bin/cmake --build /home/damber/ros_eris/ros2_ws/build/sensor_range -- -j8 -l8
[0.974s] Invoked command in '/home/damber/ros_eris/ros2_ws/build/sensor_range' returned '0': CMAKE_PREFIX_PATH=/opt/ros/humble /usr/bin/cmake --build /home/damber/ros_eris/ros2_ws/build/sensor_range -- -j8 -l8
[1.000s] Invoking command in '/home/damber/ros_eris/ros2_ws/build/sensor_range': CMAKE_PREFIX_PATH=/opt/ros/humble /usr/bin/cmake --install /home/damber/ros_eris/ros2_ws/build/sensor_range
[1.007s] -- Install configuration: ""
[1.007s] -- Execute custom install script
[1.008s] -- Symlinking: /home/damber/ros_eris/ros2_ws/install/sensor_range/share/ament_index/resource_index/package_run_dependencies/sensor_range
[1.014s] -- Symlinking: /home/damber/ros_eris/ros2_ws/install/sensor_range/share/ament_index/resource_index/parent_prefix_path/sensor_range
[1.022s] -- Symlinking: /home/damber/ros_eris/ros2_ws/install/sensor_range/share/sensor_range/environment/ament_prefix_path.sh
[1.028s] -- Symlinking: /home/damber/ros_eris/ros2_ws/install/sensor_range/share/sensor_range/environment/ament_prefix_path.dsv
[1.034s] -- Symlinking: /home/damber/ros_eris/ros2_ws/install/sensor_range/share/sensor_range/environment/path.sh
[1.040s] -- Symlinking: /home/damber/ros_eris/ros2_ws/install/sensor_range/share/sensor_range/environment/path.dsv
[1.047s] -- Symlinking: /home/damber/ros_eris/ros2_ws/install/sensor_range/share/sensor_range/local_setup.bash
[1.052s] -- Symlinking: /home/damber/ros_eris/ros2_ws/install/sensor_range/share/sensor_range/local_setup.sh
[1.057s] -- Symlinking: /home/damber/ros_eris/ros2_ws/install/sensor_range/share/sensor_range/local_setup.zsh
[1.063s] -- Symlinking: /home/damber/ros_eris/ros2_ws/install/sensor_range/share/sensor_range/local_setup.dsv
[1.068s] -- Symlinking: /home/damber/ros_eris/ros2_ws/install/sensor_range/share/sensor_range/package.dsv
[1.074s] -- Symlinking: /home/damber/ros_eris/ros2_ws/install/sensor_range/share/ament_index/resource_index/packages/sensor_range
[1.080s] -- Symlinking: /home/damber/ros_eris/ros2_ws/install/sensor_range/share/sensor_range/cmake/sensor_rangeConfig.cmake
[1.085s] -- Symlinking: /home/damber/ros_eris/ros2_ws/install/sensor_range/share/sensor_range/cmake/sensor_rangeConfig-version.cmake
[1.090s] -- Symlinking: /home/damber/ros_eris/ros2_ws/install/sensor_range/share/sensor_range/package.xml
[1.097s] Invoked command in '/home/damber/ros_eris/ros2_ws/build/sensor_range' returned '0': CMAKE_PREFIX_PATH=/opt/ros/humble /usr/bin/cmake --install /home/damber/ros_eris/ros2_ws/build/sensor_range
