[0.607s] DEBUG:colcon:Command line arguments: ['/usr/bin/colcon', 'build', '--symlink-install']
[0.607s] DEBUG:colcon:Parsed command line arguments: Namespace(log_base=None, log_level=None, verb_name='build', build_base='build', install_base='install', merge_install=False, symlink_install=True, test_result_base=None, continue_on_error=False, executor='parallel', parallel_workers=8, event_handlers=None, ignore_user_meta=False, metas=['./colcon.meta'], base_paths=['.'], packages_ignore=None, packages_ignore_regex=None, paths=None, packages_up_to=None, packages_up_to_regex=None, packages_above=None, packages_above_and_dependencies=None, packages_above_depth=None, packages_select_by_dep=None, packages_skip_by_dep=None, packages_skip_up_to=None, packages_select_build_failed=False, packages_skip_build_finished=False, packages_select_test_failures=False, packages_skip_test_passed=False, packages_select=None, packages_skip=None, packages_select_regex=None, packages_skip_regex=None, packages_start=None, packages_end=None, allow_overriding=[], cmake_args=None, cmake_target=None, cmake_target_skip_unavailable=False, cmake_clean_cache=False, cmake_clean_first=False, cmake_force_configure=False, ament_cmake_args=None, catkin_cmake_args=None, catkin_skip_building_tests=False, verb_parser=<colcon_defaults.argument_parser.defaults.DefaultArgumentsDecorator object at 0x7fefe2e59ea0>, verb_extension=<colcon_core.verb.build.BuildVerb object at 0x7fefe2e902b0>, main=<bound method BuildVerb.main of <colcon_core.verb.build.BuildVerb object at 0x7fefe2e902b0>>)
[0.637s] Level 1:colcon.colcon_core.package_discovery:discover_packages(colcon_meta) check parameters
[0.637s] Level 1:colcon.colcon_core.package_discovery:discover_packages(recursive) check parameters
[0.637s] Level 1:colcon.colcon_core.package_discovery:discover_packages(ignore) check parameters
[0.637s] Level 1:colcon.colcon_core.package_discovery:discover_packages(path) check parameters
[0.637s] Level 1:colcon.colcon_core.package_discovery:discover_packages(colcon_meta) discover
[0.637s] Level 1:colcon.colcon_core.package_discovery:discover_packages(recursive) discover
[0.637s] INFO:colcon.colcon_core.package_discovery:Crawling recursively for packages in '/home/damber/ros_eris/ros2_ws'
[0.637s] Level 1:colcon.colcon_core.package_identification:_identify(.) by extensions ['ignore', 'ignore_ament_install']
[0.637s] Level 1:colcon.colcon_core.package_identification:_identify(.) by extension 'ignore'
[0.637s] Level 1:colcon.colcon_core.package_identification:_identify(.) by extension 'ignore_ament_install'
[0.637s] Level 1:colcon.colcon_core.package_identification:_identify(.) by extensions ['colcon_pkg']
[0.637s] Level 1:colcon.colcon_core.package_identification:_identify(.) by extension 'colcon_pkg'
[0.637s] Level 1:colcon.colcon_core.package_identification:_identify(.) by extensions ['colcon_meta']
[0.637s] Level 1:colcon.colcon_core.package_identification:_identify(.) by extension 'colcon_meta'
[0.637s] Level 1:colcon.colcon_core.package_identification:_identify(.) by extensions ['ros']
[0.637s] Level 1:colcon.colcon_core.package_identification:_identify(.) by extension 'ros'
[0.645s] Level 1:colcon.colcon_core.package_identification:_identify(.) by extensions ['cmake', 'python']
[0.645s] Level 1:colcon.colcon_core.package_identification:_identify(.) by extension 'cmake'
[0.646s] Level 1:colcon.colcon_core.package_identification:_identify(.) by extension 'python'
[0.646s] Level 1:colcon.colcon_core.package_identification:_identify(.) by extensions ['python_setup_py']
[0.646s] Level 1:colcon.colcon_core.package_identification:_identify(.) by extension 'python_setup_py'
[0.646s] Level 1:colcon.colcon_core.package_identification:_identify(build) by extensions ['ignore', 'ignore_ament_install']
[0.646s] Level 1:colcon.colcon_core.package_identification:_identify(build) by extension 'ignore'
[0.646s] Level 1:colcon.colcon_core.package_identification:_identify(build) ignored
[0.646s] Level 1:colcon.colcon_core.package_identification:_identify(install) by extensions ['ignore', 'ignore_ament_install']
[0.646s] Level 1:colcon.colcon_core.package_identification:_identify(install) by extension 'ignore'
[0.646s] Level 1:colcon.colcon_core.package_identification:_identify(install) ignored
[0.646s] Level 1:colcon.colcon_core.package_identification:_identify(log) by extensions ['ignore', 'ignore_ament_install']
[0.646s] Level 1:colcon.colcon_core.package_identification:_identify(log) by extension 'ignore'
[0.646s] Level 1:colcon.colcon_core.package_identification:_identify(log) ignored
[0.647s] Level 1:colcon.colcon_core.package_identification:_identify(src) by extensions ['ignore', 'ignore_ament_install']
[0.647s] Level 1:colcon.colcon_core.package_identification:_identify(src) by extension 'ignore'
[0.647s] Level 1:colcon.colcon_core.package_identification:_identify(src) by extension 'ignore_ament_install'
[0.647s] Level 1:colcon.colcon_core.package_identification:_identify(src) by extensions ['colcon_pkg']
[0.647s] Level 1:colcon.colcon_core.package_identification:_identify(src) by extension 'colcon_pkg'
[0.647s] Level 1:colcon.colcon_core.package_identification:_identify(src) by extensions ['colcon_meta']
[0.647s] Level 1:colcon.colcon_core.package_identification:_identify(src) by extension 'colcon_meta'
[0.647s] Level 1:colcon.colcon_core.package_identification:_identify(src) by extensions ['ros']
[0.647s] Level 1:colcon.colcon_core.package_identification:_identify(src) by extension 'ros'
[0.647s] Level 1:colcon.colcon_core.package_identification:_identify(src) by extensions ['cmake', 'python']
[0.647s] Level 1:colcon.colcon_core.package_identification:_identify(src) by extension 'cmake'
[0.647s] Level 1:colcon.colcon_core.package_identification:_identify(src) by extension 'python'
[0.647s] Level 1:colcon.colcon_core.package_identification:_identify(src) by extensions ['python_setup_py']
[0.647s] Level 1:colcon.colcon_core.package_identification:_identify(src) by extension 'python_setup_py'
[0.647s] Level 1:colcon.colcon_core.package_identification:_identify(src/sensor_range) by extensions ['ignore', 'ignore_ament_install']
[0.647s] Level 1:colcon.colcon_core.package_identification:_identify(src/sensor_range) by extension 'ignore'
[0.647s] Level 1:colcon.colcon_core.package_identification:_identify(src/sensor_range) by extension 'ignore_ament_install'
[0.647s] Level 1:colcon.colcon_core.package_identification:_identify(src/sensor_range) by extensions ['colcon_pkg']
[0.647s] Level 1:colcon.colcon_core.package_identification:_identify(src/sensor_range) by extension 'colcon_pkg'
[0.647s] Level 1:colcon.colcon_core.package_identification:_identify(src/sensor_range) by extensions ['colcon_meta']
[0.647s] Level 1:colcon.colcon_core.package_identification:_identify(src/sensor_range) by extension 'colcon_meta'
[0.647s] Level 1:colcon.colcon_core.package_identification:_identify(src/sensor_range) by extensions ['ros']
[0.647s] Level 1:colcon.colcon_core.package_identification:_identify(src/sensor_range) by extension 'ros'
[0.649s] DEBUG:colcon.colcon_core.package_identification:Package 'src/sensor_range' with type 'ros.ament_cmake' and name 'sensor'
[0.649s] Level 1:colcon.colcon_core.package_discovery:discover_packages(recursive) using defaults
[0.649s] Level 1:colcon.colcon_core.package_discovery:discover_packages(ignore) discover
[0.649s] Level 1:colcon.colcon_core.package_discovery:discover_packages(ignore) using defaults
[0.649s] Level 1:colcon.colcon_core.package_discovery:discover_packages(path) discover
[0.649s] Level 1:colcon.colcon_core.package_discovery:discover_packages(path) using defaults
[0.705s] Level 1:colcon.colcon_core.package_discovery:discover_packages(prefix_path) check parameters
[0.705s] Level 1:colcon.colcon_core.package_discovery:discover_packages(prefix_path) discover
[0.724s] DEBUG:colcon.colcon_installed_package_information.package_discovery:Found 2 installed packages in /home/damber/ros_eris/ros2_ws/install
[0.732s] DEBUG:colcon.colcon_installed_package_information.package_discovery:Found 1 installed packages in /home/damber/ros_eris/ros2_ws/src/sensor_range/install
[0.742s] DEBUG:colcon.colcon_installed_package_information.package_discovery:Found 281 installed packages in /opt/ros/humble
[0.743s] Level 1:colcon.colcon_core.package_discovery:discover_packages(prefix_path) using defaults
[0.802s] Level 5:colcon.colcon_core.verb:set package 'sensor' build argument 'cmake_args' from command line to 'None'
[0.802s] Level 5:colcon.colcon_core.verb:set package 'sensor' build argument 'cmake_target' from command line to 'None'
[0.802s] Level 5:colcon.colcon_core.verb:set package 'sensor' build argument 'cmake_target_skip_unavailable' from command line to 'False'
[0.802s] Level 5:colcon.colcon_core.verb:set package 'sensor' build argument 'cmake_clean_cache' from command line to 'False'
[0.802s] Level 5:colcon.colcon_core.verb:set package 'sensor' build argument 'cmake_clean_first' from command line to 'False'
[0.802s] Level 5:colcon.colcon_core.verb:set package 'sensor' build argument 'cmake_force_configure' from command line to 'False'
[0.802s] Level 5:colcon.colcon_core.verb:set package 'sensor' build argument 'ament_cmake_args' from command line to 'None'
[0.802s] Level 5:colcon.colcon_core.verb:set package 'sensor' build argument 'catkin_cmake_args' from command line to 'None'
[0.802s] Level 5:colcon.colcon_core.verb:set package 'sensor' build argument 'catkin_skip_building_tests' from command line to 'False'
[0.802s] DEBUG:colcon.colcon_core.verb:Building package 'sensor' with the following arguments: {'ament_cmake_args': None, 'build_base': '/home/damber/ros_eris/ros2_ws/build/sensor', 'catkin_cmake_args': None, 'catkin_skip_building_tests': False, 'cmake_args': None, 'cmake_clean_cache': False, 'cmake_clean_first': False, 'cmake_force_configure': False, 'cmake_target': None, 'cmake_target_skip_unavailable': False, 'install_base': '/home/damber/ros_eris/ros2_ws/install/sensor', 'merge_install': False, 'path': '/home/damber/ros_eris/ros2_ws/src/sensor_range', 'symlink_install': True, 'test_result_base': None}
[0.810s] INFO:colcon.colcon_core.executor:Executing jobs using 'parallel' executor
[0.820s] DEBUG:colcon.colcon_parallel_executor.executor.parallel:run_until_complete
[0.820s] INFO:colcon.colcon_ros.task.ament_cmake.build:Building ROS package in '/home/damber/ros_eris/ros2_ws/src/sensor_range' with build type 'ament_cmake'
[0.820s] INFO:colcon.colcon_cmake.task.cmake.build:Building CMake package in '/home/damber/ros_eris/ros2_ws/src/sensor_range'
[0.831s] INFO:colcon.colcon_core.plugin_system:Skipping extension 'colcon_core.shell.bat': Not used on non-Windows systems
[0.831s] INFO:colcon.colcon_core.shell:Skip shell extension 'powershell' for command environment: Not usable outside of PowerShell
[0.831s] DEBUG:colcon.colcon_core.shell:Skip shell extension 'dsv' for command environment
[0.894s] DEBUG:colcon.colcon_core.event_handler.log_command:Invoking command in '/home/damber/ros_eris/ros2_ws/build/sensor': CMAKE_PREFIX_PATH=${CMAKE_PREFIX_PATH}:/opt/ros/humble /usr/bin/cmake --build /home/damber/ros_eris/ros2_ws/build/sensor -- -j8 -l8
[4.671s] DEBUG:colcon.colcon_core.event_handler.log_command:Invoked command in '/home/damber/ros_eris/ros2_ws/build/sensor' returned '0': CMAKE_PREFIX_PATH=${CMAKE_PREFIX_PATH}:/opt/ros/humble /usr/bin/cmake --build /home/damber/ros_eris/ros2_ws/build/sensor -- -j8 -l8
[4.698s] DEBUG:colcon.colcon_core.event_handler.log_command:Invoking command in '/home/damber/ros_eris/ros2_ws/build/sensor': CMAKE_PREFIX_PATH=${CMAKE_PREFIX_PATH}:/opt/ros/humble /usr/bin/cmake --install /home/damber/ros_eris/ros2_ws/build/sensor
[4.716s] Level 1:colcon.colcon_core.environment:create_environment_scripts_only(sensor)
[4.716s] DEBUG:colcon.colcon_core.event_handler.log_command:Invoked command in '/home/damber/ros_eris/ros2_ws/build/sensor' returned '0': CMAKE_PREFIX_PATH=${CMAKE_PREFIX_PATH}:/opt/ros/humble /usr/bin/cmake --install /home/damber/ros_eris/ros2_ws/build/sensor
[4.727s] Level 1:colcon.colcon_core.environment:checking '/home/damber/ros_eris/ros2_ws/install/sensor' for CMake module files
[4.728s] Level 1:colcon.colcon_core.environment:checking '/home/damber/ros_eris/ros2_ws/install/sensor' for CMake config files
[4.728s] Level 1:colcon.colcon_core.shell:create_environment_hook('sensor', 'cmake_prefix_path')
[4.738s] INFO:colcon.colcon_core.shell:Creating environment hook '/home/damber/ros_eris/ros2_ws/install/sensor/share/sensor/hook/cmake_prefix_path.ps1'
[4.739s] INFO:colcon.colcon_core.shell:Creating environment descriptor '/home/damber/ros_eris/ros2_ws/install/sensor/share/sensor/hook/cmake_prefix_path.dsv'
[4.739s] INFO:colcon.colcon_core.shell:Creating environment hook '/home/damber/ros_eris/ros2_ws/install/sensor/share/sensor/hook/cmake_prefix_path.sh'
[4.740s] Level 1:colcon.colcon_core.environment:checking '/home/damber/ros_eris/ros2_ws/install/sensor/lib'
[4.740s] Level 1:colcon.colcon_core.environment:checking '/home/damber/ros_eris/ros2_ws/install/sensor/bin'
[4.740s] Level 1:colcon.colcon_core.environment:checking '/home/damber/ros_eris/ros2_ws/install/sensor/lib/pkgconfig/sensor.pc'
[4.740s] Level 1:colcon.colcon_core.environment:checking '/home/damber/ros_eris/ros2_ws/install/sensor/lib/python3.10/site-packages'
[4.740s] Level 1:colcon.colcon_core.environment:checking '/home/damber/ros_eris/ros2_ws/install/sensor/bin'
[4.752s] INFO:colcon.colcon_core.shell:Creating package script '/home/damber/ros_eris/ros2_ws/install/sensor/share/sensor/package.ps1'
[4.752s] INFO:colcon.colcon_core.shell:Creating package descriptor '/home/damber/ros_eris/ros2_ws/install/sensor/share/sensor/package.dsv'
[4.753s] INFO:colcon.colcon_core.shell:Creating package script '/home/damber/ros_eris/ros2_ws/install/sensor/share/sensor/package.sh'
[4.753s] INFO:colcon.colcon_core.shell:Creating package script '/home/damber/ros_eris/ros2_ws/install/sensor/share/sensor/package.bash'
[4.754s] INFO:colcon.colcon_core.shell:Creating package script '/home/damber/ros_eris/ros2_ws/install/sensor/share/sensor/package.zsh'
[4.754s] Level 1:colcon.colcon_core.environment:create_file_with_runtime_dependencies(/home/damber/ros_eris/ros2_ws/install/sensor/share/colcon-core/packages/sensor)
[4.782s] Level 1:colcon.colcon_core.environment:create_environment_scripts_only(sensor)
[4.791s] Level 1:colcon.colcon_core.environment:checking '/home/damber/ros_eris/ros2_ws/install/sensor' for CMake module files
[4.792s] Level 1:colcon.colcon_core.environment:checking '/home/damber/ros_eris/ros2_ws/install/sensor' for CMake config files
[4.792s] Level 1:colcon.colcon_core.shell:create_environment_hook('sensor', 'cmake_prefix_path')
[4.801s] INFO:colcon.colcon_core.shell:Creating environment hook '/home/damber/ros_eris/ros2_ws/install/sensor/share/sensor/hook/cmake_prefix_path.ps1'
[4.801s] INFO:colcon.colcon_core.shell:Creating environment descriptor '/home/damber/ros_eris/ros2_ws/install/sensor/share/sensor/hook/cmake_prefix_path.dsv'
[4.802s] INFO:colcon.colcon_core.shell:Creating environment hook '/home/damber/ros_eris/ros2_ws/install/sensor/share/sensor/hook/cmake_prefix_path.sh'
[4.802s] Level 1:colcon.colcon_core.environment:checking '/home/damber/ros_eris/ros2_ws/install/sensor/lib'
[4.802s] Level 1:colcon.colcon_core.environment:checking '/home/damber/ros_eris/ros2_ws/install/sensor/bin'
[4.802s] Level 1:colcon.colcon_core.environment:checking '/home/damber/ros_eris/ros2_ws/install/sensor/lib/pkgconfig/sensor.pc'
[4.802s] Level 1:colcon.colcon_core.environment:checking '/home/damber/ros_eris/ros2_ws/install/sensor/lib/python3.10/site-packages'
[4.802s] Level 1:colcon.colcon_core.environment:checking '/home/damber/ros_eris/ros2_ws/install/sensor/bin'
[4.812s] INFO:colcon.colcon_core.shell:Creating package script '/home/damber/ros_eris/ros2_ws/install/sensor/share/sensor/package.ps1'
[4.812s] INFO:colcon.colcon_core.shell:Creating package descriptor '/home/damber/ros_eris/ros2_ws/install/sensor/share/sensor/package.dsv'
[4.812s] INFO:colcon.colcon_core.shell:Creating package script '/home/damber/ros_eris/ros2_ws/install/sensor/share/sensor/package.sh'
[4.813s] INFO:colcon.colcon_core.shell:Creating package script '/home/damber/ros_eris/ros2_ws/install/sensor/share/sensor/package.bash'
[4.813s] INFO:colcon.colcon_core.shell:Creating package script '/home/damber/ros_eris/ros2_ws/install/sensor/share/sensor/package.zsh'
[4.813s] Level 1:colcon.colcon_core.environment:create_file_with_runtime_dependencies(/home/damber/ros_eris/ros2_ws/install/sensor/share/colcon-core/packages/sensor)
[4.813s] DEBUG:colcon.colcon_parallel_executor.executor.parallel:closing loop
[4.813s] DEBUG:colcon.colcon_parallel_executor.executor.parallel:loop closed
[4.813s] DEBUG:colcon.colcon_parallel_executor.executor.parallel:run_until_complete finished with '0'
[4.813s] DEBUG:colcon.colcon_core.event_reactor:joining thread
[4.829s] INFO:colcon.colcon_core.plugin_system:Skipping extension 'colcon_notification.desktop_notification.terminal_notifier': Not used on non-Darwin systems
[4.829s] INFO:colcon.colcon_core.plugin_system:Skipping extension 'colcon_notification.desktop_notification.win32': Not used on non-Windows systems
[4.829s] INFO:colcon.colcon_notification.desktop_notification:Sending desktop notification using 'notify2'
[4.841s] DEBUG:colcon.colcon_core.event_reactor:joined thread
[4.853s] INFO:colcon.colcon_core.shell:Creating prefix script '/home/damber/ros_eris/ros2_ws/install/local_setup.ps1'
[4.853s] INFO:colcon.colcon_core.shell:Creating prefix util module '/home/damber/ros_eris/ros2_ws/install/_local_setup_util_ps1.py'
[4.854s] INFO:colcon.colcon_core.shell:Creating prefix chain script '/home/damber/ros_eris/ros2_ws/install/setup.ps1'
[4.866s] INFO:colcon.colcon_core.shell:Creating prefix script '/home/damber/ros_eris/ros2_ws/install/local_setup.sh'
[4.867s] INFO:colcon.colcon_core.shell:Creating prefix util module '/home/damber/ros_eris/ros2_ws/install/_local_setup_util_sh.py'
[4.867s] INFO:colcon.colcon_core.shell:Creating prefix chain script '/home/damber/ros_eris/ros2_ws/install/setup.sh'
[4.878s] INFO:colcon.colcon_core.shell:Creating prefix script '/home/damber/ros_eris/ros2_ws/install/local_setup.bash'
[4.878s] INFO:colcon.colcon_core.shell:Creating prefix chain script '/home/damber/ros_eris/ros2_ws/install/setup.bash'
[4.888s] INFO:colcon.colcon_core.shell:Creating prefix script '/home/damber/ros_eris/ros2_ws/install/local_setup.zsh'
[4.889s] INFO:colcon.colcon_core.shell:Creating prefix chain script '/home/damber/ros_eris/ros2_ws/install/setup.zsh'
