[0.052s] Invoking command in '/home/damber/ros_eris/ros2_ws/build/sensor_range': CMAKE_PREFIX_PATH=${CMAKE_PREFIX_PATH}:/opt/ros/humble /usr/bin/cmake --build /home/damber/ros_eris/ros2_ws/build/sensor_range -- -j8 -l8
[0.092s] [ 50%] [32mBuilding CXX object CMakeFiles/range.dir/src/range.cpp.o[0m
[3.091s] [100%] [32m[1mLinking CXX executable range[0m
[3.239s] [100%] Built target range
[3.249s] Invoked command in '/home/damber/ros_eris/ros2_ws/build/sensor_range' returned '0': CMAKE_PREFIX_PATH=${CMAKE_PREFIX_PATH}:/opt/ros/humble /usr/bin/cmake --build /home/damber/ros_eris/ros2_ws/build/sensor_range -- -j8 -l8
[3.276s] Invoking command in '/home/damber/ros_eris/ros2_ws/build/sensor_range': CMAKE_PREFIX_PATH=${CMAKE_PREFIX_PATH}:/opt/ros/humble /usr/bin/cmake --install /home/damber/ros_eris/ros2_ws/build/sensor_range
[3.283s] -- Install configuration: ""
[3.283s] -- Execute custom install script
[3.284s] -- Up-to-date symlink: /home/damber/ros_eris/ros2_ws/install/sensor_range/lib/sensor_range/range
[3.284s] -- Up-to-date symlink: /home/damber/ros_eris/ros2_ws/install/sensor_range/share/ament_index/resource_index/package_run_dependencies/sensor_range
[3.284s] -- Up-to-date symlink: /home/damber/ros_eris/ros2_ws/install/sensor_range/share/ament_index/resource_index/parent_prefix_path/sensor_range
[3.284s] -- Up-to-date symlink: /home/damber/ros_eris/ros2_ws/install/sensor_range/share/sensor_range/environment/ament_prefix_path.sh
[3.284s] -- Up-to-date symlink: /home/damber/ros_eris/ros2_ws/install/sensor_range/share/sensor_range/environment/ament_prefix_path.dsv
[3.284s] -- Up-to-date symlink: /home/damber/ros_eris/ros2_ws/install/sensor_range/share/sensor_range/environment/path.sh
[3.285s] -- Up-to-date symlink: /home/damber/ros_eris/ros2_ws/install/sensor_range/share/sensor_range/environment/path.dsv
[3.285s] -- Up-to-date symlink: /home/damber/ros_eris/ros2_ws/install/sensor_range/share/sensor_range/local_setup.bash
[3.285s] -- Up-to-date symlink: /home/damber/ros_eris/ros2_ws/install/sensor_range/share/sensor_range/local_setup.sh
[3.285s] -- Up-to-date symlink: /home/damber/ros_eris/ros2_ws/install/sensor_range/share/sensor_range/local_setup.zsh
[3.285s] -- Up-to-date symlink: /home/damber/ros_eris/ros2_ws/install/sensor_range/share/sensor_range/local_setup.dsv
[3.285s] -- Symlinking: /home/damber/ros_eris/ros2_ws/install/sensor_range/share/sensor_range/package.dsv
[3.294s] -- Up-to-date symlink: /home/damber/ros_eris/ros2_ws/install/sensor_range/share/ament_index/resource_index/packages/sensor_range
[3.294s] -- Up-to-date symlink: /home/damber/ros_eris/ros2_ws/install/sensor_range/share/sensor_range/cmake/sensor_rangeConfig.cmake
[3.294s] -- Up-to-date symlink: /home/damber/ros_eris/ros2_ws/install/sensor_range/share/sensor_range/cmake/sensor_rangeConfig-version.cmake
[3.294s] -- Up-to-date symlink: /home/damber/ros_eris/ros2_ws/install/sensor_range/share/sensor_range/package.xml
[3.296s] Invoked command in '/home/damber/ros_eris/ros2_ws/build/sensor_range' returned '0': CMAKE_PREFIX_PATH=${CMAKE_PREFIX_PATH}:/opt/ros/humble /usr/bin/cmake --install /home/damber/ros_eris/ros2_ws/build/sensor_range
